  Actor.cpp
Actor.cpp(16): warning C4244: 'initializing': conversion from 'double' to 'int', possible loss of data
Actor.cpp(76): warning C4244: 'initializing': conversion from 'double' to 'int', possible loss of data
Actor.cpp(77): warning C4244: 'initializing': conversion from 'double' to 'int', possible loss of data
Actor.cpp(111): warning C4244: 'argument': conversion from 'double' to 'int', possible loss of data
Actor.cpp(131): warning C4244: 'initializing': conversion from 'double' to 'int', possible loss of data
Actor.cpp(219): warning C4244: 'initializing': conversion from 'double' to 'int', possible loss of data
Actor.cpp(220): warning C4244: 'initializing': conversion from 'double' to 'int', possible loss of data
Actor.cpp(224): warning C4244: 'argument': conversion from 'double' to 'int', possible loss of data
Actor.cpp(232): warning C4244: 'argument': conversion from 'double' to 'int', possible loss of data
Actor.cpp(250): warning C4244: 'argument': conversion from 'double' to 'int', possible loss of data
Actor.cpp(267): warning C4244: 'argument': conversion from 'double' to 'int', possible loss of data
Actor.cpp(302): warning C4244: 'initializing': conversion from 'double' to 'int', possible loss of data
Actor.cpp(320): warning C4244: 'initializing': conversion from 'double' to 'int', possible loss of data
Actor.cpp(337): warning C4244: 'initializing': conversion from 'double' to 'int', possible loss of data
  StudentWorld.cpp
StudentWorld.cpp(94): warning C4244: 'initializing': conversion from 'double' to 'int', possible loss of data
  GameWorld.cpp
  main.cpp
  GameController.cpp
GameController.obj : error LNK2038: mismatch detected for 'RuntimeLibrary': value 'MT_StaticRelease' doesn't match value 'MD_DynamicRelease' in Actor.obj
libcpmt.lib(cout.obj) : error LNK2038: mismatch detected for 'RuntimeLibrary': value 'MT_StaticRelease' doesn't match value 'MD_DynamicRelease' in Actor.obj
libcpmt.lib(locale0.obj) : error LNK2038: mismatch detected for 'RuntimeLibrary': value 'MT_StaticRelease' doesn't match value 'MD_DynamicRelease' in Actor.obj
libcpmt.lib(ios.obj) : error LNK2038: mismatch detected for 'RuntimeLibrary': value 'MT_StaticRelease' doesn't match value 'MD_DynamicRelease' in Actor.obj
libcpmt.lib(xlock.obj) : error LNK2038: mismatch detected for 'RuntimeLibrary': value 'MT_StaticRelease' doesn't match value 'MD_DynamicRelease' in Actor.obj
libcpmt.lib(iosptrs.obj) : error LNK2038: mismatch detected for 'RuntimeLibrary': value 'MT_StaticRelease' doesn't match value 'MD_DynamicRelease' in Actor.obj
libcpmt.lib(locale.obj) : error LNK2038: mismatch detected for 'RuntimeLibrary': value 'MT_StaticRelease' doesn't match value 'MD_DynamicRelease' in Actor.obj
libcpmt.lib(xthrow.obj) : error LNK2038: mismatch detected for 'RuntimeLibrary': value 'MT_StaticRelease' doesn't match value 'MD_DynamicRelease' in Actor.obj
libcpmt.lib(wlocale.obj) : error LNK2038: mismatch detected for 'RuntimeLibrary': value 'MT_StaticRelease' doesn't match value 'MD_DynamicRelease' in Actor.obj
libcpmt.lib(xlocale.obj) : error LNK2038: mismatch detected for 'RuntimeLibrary': value 'MT_StaticRelease' doesn't match value 'MD_DynamicRelease' in Actor.obj
libcpmt.lib(winapisupp.obj) : error LNK2038: mismatch detected for 'RuntimeLibrary': value 'MT_StaticRelease' doesn't match value 'MD_DynamicRelease' in Actor.obj
libcpmt.lib(xdateord.obj) : error LNK2038: mismatch detected for 'RuntimeLibrary': value 'MT_StaticRelease' doesn't match value 'MD_DynamicRelease' in Actor.obj
libcpmt.lib(StlCompareStringA.obj) : error LNK2038: mismatch detected for 'RuntimeLibrary': value 'MT_StaticRelease' doesn't match value 'MD_DynamicRelease' in Actor.obj
libcpmt.lib(winapinls.obj) : error LNK2038: mismatch detected for 'RuntimeLibrary': value 'MT_StaticRelease' doesn't match value 'MD_DynamicRelease' in Actor.obj
libcpmt.lib(StlCompareStringW.obj) : error LNK2038: mismatch detected for 'RuntimeLibrary': value 'MT_StaticRelease' doesn't match value 'MD_DynamicRelease' in Actor.obj
libcpmt.lib(StlLCMapStringW.obj) : error LNK2038: mismatch detected for 'RuntimeLibrary': value 'MT_StaticRelease' doesn't match value 'MD_DynamicRelease' in Actor.obj
libcpmt.lib(StlLCMapStringA.obj) : error LNK2038: mismatch detected for 'RuntimeLibrary': value 'MT_StaticRelease' doesn't match value 'MD_DynamicRelease' in Actor.obj
LINK : warning LNK4098: defaultlib 'LIBCMT' conflicts with use of other libs; use /NODEFAULTLIB:library
C:\Gajan\School\UCLA\Freshman\Winter\CS32\Projects\NachenBlaster\Release\NachenBlaster.exe : fatal error LNK1319: 17 mismatches detected
