c:\gajan\school\ucla\freshman\winter\cs32\projects\nachenblaster\nachenblaster\debug\vc141.pdb
c:\gajan\school\ucla\freshman\winter\cs32\projects\nachenblaster\nachenblaster\debug\vc141.idb
c:\gajan\school\ucla\freshman\winter\cs32\projects\nachenblaster\nachenblaster\debug\actor.nativecodeanalysis.xml
c:\gajan\school\ucla\freshman\winter\cs32\projects\nachenblaster\nachenblaster\debug\studentworld.nativecodeanalysis.xml
c:\gajan\school\ucla\freshman\winter\cs32\projects\nachenblaster\nachenblaster\debug\gamecontroller.nativecodeanalysis.xml
c:\gajan\school\ucla\freshman\winter\cs32\projects\nachenblaster\nachenblaster\debug\gameworld.nativecodeanalysis.xml
c:\gajan\school\ucla\freshman\winter\cs32\projects\nachenblaster\nachenblaster\debug\main.nativecodeanalysis.xml
c:\gajan\school\ucla\freshman\winter\cs32\projects\nachenblaster\nachenblaster\debug\main.obj
c:\gajan\school\ucla\freshman\winter\cs32\projects\nachenblaster\nachenblaster\debug\gameworld.obj
c:\gajan\school\ucla\freshman\winter\cs32\projects\nachenblaster\nachenblaster\debug\gamecontroller.obj
c:\gajan\school\ucla\freshman\winter\cs32\projects\nachenblaster\nachenblaster\debug\studentworld.obj
c:\gajan\school\ucla\freshman\winter\cs32\projects\nachenblaster\nachenblaster\debug\actor.obj
c:\gajan\school\ucla\freshman\winter\cs32\projects\nachenblaster\debug\nachenblaster.ilk
c:\gajan\school\ucla\freshman\winter\cs32\projects\nachenblaster\debug\nachenblaster.exe
c:\gajan\school\ucla\freshman\winter\cs32\projects\nachenblaster\debug\nachenblaster.pdb
c:\gajan\school\ucla\freshman\winter\cs32\projects\nachenblaster\nachenblaster\debug\nativecodeanalysis.read.1.tlog
c:\gajan\school\ucla\freshman\winter\cs32\projects\nachenblaster\nachenblaster\debug\vc.nativecodeanalysis.all.xml
c:\gajan\school\ucla\freshman\winter\cs32\projects\nachenblaster\debug\nachenblaster.exe.lastcodeanalysissucceeded
c:\gajan\school\ucla\freshman\winter\cs32\projects\nachenblaster\nachenblaster\debug\nachenblaster.tlog\cl.command.1.tlog
c:\gajan\school\ucla\freshman\winter\cs32\projects\nachenblaster\nachenblaster\debug\nachenblaster.tlog\cl.read.1.tlog
c:\gajan\school\ucla\freshman\winter\cs32\projects\nachenblaster\nachenblaster\debug\nachenblaster.tlog\cl.write.1.tlog
c:\gajan\school\ucla\freshman\winter\cs32\projects\nachenblaster\nachenblaster\debug\nachenblaster.tlog\link.command.1.tlog
c:\gajan\school\ucla\freshman\winter\cs32\projects\nachenblaster\nachenblaster\debug\nachenblaster.tlog\link.read.1.tlog
c:\gajan\school\ucla\freshman\winter\cs32\projects\nachenblaster\nachenblaster\debug\nachenblaster.tlog\link.write.1.tlog
